<?xml version="1.0" encoding="UTF-8"?>
<testng-results total="2" passed="2" failed="0" skipped="0">
  <reporter-output>
  </reporter-output>
  <suite started-at="2019-05-31T05:47:32Z" name="Suite" finished-at="2019-05-31T05:47:45Z" duration-ms="12774">
    <groups>
    </groups>
    <test started-at="2019-05-31T05:47:32Z" name="Test" finished-at="2019-05-31T05:47:45Z" duration-ms="12774">
      <class name="automation_testng.Radio_Button_Test">
        <test-method is-config="true" signature="Setup()[pri:0, instance:automation_testng.Radio_Button_Test@15de0b3c]" started-at="2019-05-30T22:47:32Z" name="Setup" finished-at="2019-05-30T22:47:40Z" duration-ms="7139" status="PASS">
          <reporter-output>
          </reporter-output>
        </test-method> <!-- Setup -->
        <test-method signature="test_oneway_rbutton()[pri:0, instance:automation_testng.Radio_Button_Test@15de0b3c]" started-at="2019-05-30T22:47:40Z" name="test_oneway_rbutton" finished-at="2019-05-30T22:47:40Z" duration-ms="307" status="PASS">
          <reporter-output>
          </reporter-output>
        </test-method> <!-- test_oneway_rbutton -->
        <test-method signature="test_roundtrip_rbutton()[pri:0, instance:automation_testng.Radio_Button_Test@15de0b3c]" started-at="2019-05-30T22:47:40Z" name="test_roundtrip_rbutton" finished-at="2019-05-30T22:47:45Z" duration-ms="5292" status="PASS">
          <reporter-output>
          </reporter-output>
        </test-method> <!-- test_roundtrip_rbutton -->
        <test-method is-config="true" signature="cleanup()[pri:0, instance:automation_testng.Radio_Button_Test@15de0b3c]" started-at="2019-05-30T22:47:45Z" name="cleanup" finished-at="2019-05-30T22:47:45Z" duration-ms="187" status="PASS">
          <reporter-output>
          </reporter-output>
        </test-method> <!-- cleanup -->
      </class> <!-- automation_testng.Radio_Button_Test -->
    </test> <!-- Test -->
  </suite> <!-- Suite -->
</testng-results>
